2024-07-05 16:02:56,030 - INFO - Démarrage du jeu
2024-07-05 16:02:56,030 - INFO - Croissance du serpent : [(0, 0)]
2024-07-05 16:02:56,030 - INFO - Initialisation du serpent : [(0, 0)]
2024-07-05 16:02:56,030 - INFO - Nouvelle position de la nourriture : (23, 17)
2024-07-05 16:02:56,030 - INFO - Position initiale de la nourriture : (23, 17)
2024-07-05 16:02:56,094 - INFO - Initialisation de la vue du jeu : 500x500, taille des cellules : 20
2024-07-05 16:02:56,094 - INFO - Initialisation du contrôleur du jeu
2024-07-05 16:02:56,094 - DEBUG - Nouvelle tête calculée : (1, 0)
2024-07-05 16:02:56,094 - DEBUG - Corps du serpent après mouvement : [(1, 0)]
2024-07-05 16:02:56,094 - DEBUG - Collision avec le mur : False
2024-07-05 16:02:56,094 - DEBUG - Collision avec soi-même : False
2024-07-05 16:02:56,094 - DEBUG - Affichage de la tête du serpent à : 20, 0
2024-07-05 16:02:56,094 - DEBUG - Affichage de la nourriture à : 460, 340
2024-07-05 16:02:56,102 - INFO - Affichage du score : 0
2024-07-05 16:02:56,178 - DEBUG - Mise à jour de l'affichage à chaque tick
2024-07-05 16:02:56,178 - DEBUG - Nouvelle tête calculée : (2, 0)
2024-07-05 16:02:56,178 - DEBUG - Corps du serpent après mouvement : [(2, 0)]
2024-07-05 16:02:56,178 - DEBUG - Collision avec le mur : False
2024-07-05 16:02:56,178 - DEBUG - Collision avec soi-même : False
2024-07-05 16:02:56,178 - DEBUG - Affichage de la tête du serpent à : 40, 0
2024-07-05 16:02:56,178 - DEBUG - Affichage de la nourriture à : 460, 340
2024-07-05 16:02:56,179 - INFO - Affichage du score : 0
2024-07-05 16:02:56,262 - DEBUG - Mise à jour de l'affichage à chaque tick
2024-07-05 16:02:56,263 - DEBUG - Nouvelle tête calculée : (3, 0)
2024-07-05 16:02:56,263 - DEBUG - Corps du serpent après mouvement : [(3, 0)]
2024-07-05 16:02:56,263 - DEBUG - Collision avec le mur : False
2024-07-05 16:02:56,264 - DEBUG - Collision avec soi-même : False
2024-07-05 16:02:56,264 - DEBUG - Affichage de la tête du serpent à : 60, 0
2024-07-05 16:02:56,264 - DEBUG - Affichage de la nourriture à : 460, 340
2024-07-05 16:02:56,264 - INFO - Affichage du score : 0
2024-07-05 16:02:56,346 - DEBUG - Mise à jour de l'affichage à chaque tick
2024-07-05 16:02:56,346 - DEBUG - Nouvelle tête calculée : (4, 0)
2024-07-05 16:02:56,346 - DEBUG - Corps du serpent après mouvement : [(4, 0)]
2024-07-05 16:02:56,346 - DEBUG - Collision avec le mur : False
2024-07-05 16:02:56,346 - DEBUG - Collision avec soi-même : False
2024-07-05 16:02:56,347 - DEBUG - Affichage de la tête du serpent à : 80, 0
2024-07-05 16:02:56,347 - DEBUG - Affichage de la nourriture à : 460, 340
2024-07-05 16:02:56,347 - INFO - Affichage du score : 0
2024-07-05 16:02:56,429 - DEBUG - Mise à jour de l'affichage à chaque tick
2024-07-05 16:02:56,429 - DEBUG - Nouvelle tête calculée : (5, 0)
2024-07-05 16:02:56,429 - DEBUG - Corps du serpent après mouvement : [(5, 0)]
2024-07-05 16:02:56,429 - DEBUG - Collision avec le mur : False
2024-07-05 16:02:56,429 - DEBUG - Collision avec soi-même : False
2024-07-05 16:02:56,430 - DEBUG - Affichage de la tête du serpent à : 100, 0
2024-07-05 16:02:56,431 - DEBUG - Affichage de la nourriture à : 460, 340
2024-07-05 16:02:56,431 - INFO - Affichage du score : 0
2024-07-05 16:02:56,512 - DEBUG - Mise à jour de l'affichage à chaque tick
2024-07-05 16:02:56,512 - DEBUG - Nouvelle tête calculée : (6, 0)
2024-07-05 16:02:56,512 - DEBUG - Corps du serpent après mouvement : [(6, 0)]
2024-07-05 16:02:56,512 - DEBUG - Collision avec le mur : False
2024-07-05 16:02:56,513 - DEBUG - Collision avec soi-même : False
2024-07-05 16:02:56,514 - DEBUG - Affichage de la tête du serpent à : 120, 0
2024-07-05 16:02:56,514 - DEBUG - Affichage de la nourriture à : 460, 340
2024-07-05 16:02:56,515 - INFO - Affichage du score : 0
2024-07-05 16:02:56,597 - DEBUG - Mise à jour de l'affichage à chaque tick
2024-07-05 16:02:56,597 - DEBUG - Nouvelle tête calculée : (7, 0)
2024-07-05 16:02:56,597 - DEBUG - Corps du serpent après mouvement : [(7, 0)]
2024-07-05 16:02:56,597 - DEBUG - Collision avec le mur : False
2024-07-05 16:02:56,597 - DEBUG - Collision avec soi-même : False
2024-07-05 16:02:56,597 - DEBUG - Affichage de la tête du serpent à : 140, 0
2024-07-05 16:02:56,597 - DEBUG - Affichage de la nourriture à : 460, 340
2024-07-05 16:02:56,597 - INFO - Affichage du score : 0
2024-07-05 16:02:56,680 - DEBUG - Mise à jour de l'affichage à chaque tick
2024-07-05 16:02:56,680 - DEBUG - Nouvelle tête calculée : (8, 0)
2024-07-05 16:02:56,680 - DEBUG - Corps du serpent après mouvement : [(8, 0)]
2024-07-05 16:02:56,680 - DEBUG - Collision avec le mur : False
2024-07-05 16:02:56,680 - DEBUG - Collision avec soi-même : False
2024-07-05 16:02:56,681 - DEBUG - Affichage de la tête du serpent à : 160, 0
2024-07-05 16:02:56,681 - DEBUG - Affichage de la nourriture à : 460, 340
2024-07-05 16:02:56,681 - INFO - Affichage du score : 0
2024-07-05 16:02:56,763 - DEBUG - Mise à jour de l'affichage à chaque tick
2024-07-05 16:02:56,763 - DEBUG - Nouvelle tête calculée : (9, 0)
2024-07-05 16:02:56,764 - DEBUG - Corps du serpent après mouvement : [(9, 0)]
2024-07-05 16:02:56,764 - DEBUG - Collision avec le mur : False
2024-07-05 16:02:56,764 - DEBUG - Collision avec soi-même : False
2024-07-05 16:02:56,765 - DEBUG - Affichage de la tête du serpent à : 180, 0
2024-07-05 16:02:56,766 - DEBUG - Affichage de la nourriture à : 460, 340
2024-07-05 16:02:56,766 - INFO - Affichage du score : 0
2024-07-05 16:02:56,847 - DEBUG - Mise à jour de l'affichage à chaque tick
2024-07-05 16:02:56,849 - DEBUG - Nouvelle tête calculée : (10, 0)
2024-07-05 16:02:56,849 - DEBUG - Corps du serpent après mouvement : [(10, 0)]
2024-07-05 16:02:56,849 - DEBUG - Collision avec le mur : False
2024-07-05 16:02:56,849 - DEBUG - Collision avec soi-même : False
2024-07-05 16:02:56,850 - DEBUG - Affichage de la tête du serpent à : 200, 0
2024-07-05 16:02:56,851 - DEBUG - Affichage de la nourriture à : 460, 340
2024-07-05 16:02:56,851 - INFO - Affichage du score : 0
2024-07-05 16:02:56,931 - DEBUG - Mise à jour de l'affichage à chaque tick
2024-07-05 16:02:56,932 - DEBUG - Nouvelle tête calculée : (11, 0)
2024-07-05 16:02:56,932 - DEBUG - Corps du serpent après mouvement : [(11, 0)]
2024-07-05 16:02:56,933 - DEBUG - Collision avec le mur : False
2024-07-05 16:02:56,933 - DEBUG - Collision avec soi-même : False
2024-07-05 16:02:56,934 - DEBUG - Affichage de la tête du serpent à : 220, 0
2024-07-05 16:02:56,934 - DEBUG - Affichage de la nourriture à : 460, 340
2024-07-05 16:02:56,934 - INFO - Affichage du score : 0
2024-07-05 16:02:57,015 - DEBUG - Mise à jour de l'affichage à chaque tick
2024-07-05 16:02:57,015 - DEBUG - Nouvelle tête calculée : (12, 0)
2024-07-05 16:02:57,015 - DEBUG - Corps du serpent après mouvement : [(12, 0)]
2024-07-05 16:02:57,015 - DEBUG - Collision avec le mur : False
2024-07-05 16:02:57,016 - DEBUG - Collision avec soi-même : False
2024-07-05 16:02:57,016 - DEBUG - Affichage de la tête du serpent à : 240, 0
2024-07-05 16:02:57,017 - DEBUG - Affichage de la nourriture à : 460, 340
2024-07-05 16:02:57,017 - INFO - Affichage du score : 0
2024-07-05 16:02:57,099 - DEBUG - Mise à jour de l'affichage à chaque tick
2024-07-05 16:02:57,099 - DEBUG - Nouvelle tête calculée : (13, 0)
2024-07-05 16:02:57,099 - DEBUG - Corps du serpent après mouvement : [(13, 0)]
2024-07-05 16:02:57,099 - DEBUG - Collision avec le mur : False
2024-07-05 16:02:57,100 - DEBUG - Collision avec soi-même : False
2024-07-05 16:02:57,100 - DEBUG - Affichage de la tête du serpent à : 260, 0
2024-07-05 16:02:57,101 - DEBUG - Affichage de la nourriture à : 460, 340
2024-07-05 16:02:57,102 - INFO - Affichage du score : 0
2024-07-05 16:02:57,182 - DEBUG - Mise à jour de l'affichage à chaque tick
2024-07-05 16:02:57,188 - DEBUG - Nouvelle tête calculée : (14, 0)
2024-07-05 16:02:57,188 - DEBUG - Corps du serpent après mouvement : [(14, 0)]
2024-07-05 16:02:57,188 - DEBUG - Collision avec le mur : False
2024-07-05 16:02:57,188 - DEBUG - Collision avec soi-même : False
2024-07-05 16:02:57,189 - DEBUG - Affichage de la tête du serpent à : 280, 0
2024-07-05 16:02:57,189 - DEBUG - Affichage de la nourriture à : 460, 340
2024-07-05 16:02:57,190 - INFO - Affichage du score : 0
2024-07-05 16:02:57,265 - DEBUG - Mise à jour de l'affichage à chaque tick
2024-07-05 16:02:57,266 - DEBUG - Nouvelle tête calculée : (15, 0)
2024-07-05 16:02:57,266 - DEBUG - Corps du serpent après mouvement : [(15, 0)]
2024-07-05 16:02:57,266 - DEBUG - Collision avec le mur : False
2024-07-05 16:02:57,266 - DEBUG - Collision avec soi-même : False
2024-07-05 16:02:57,266 - DEBUG - Affichage de la tête du serpent à : 300, 0
2024-07-05 16:02:57,266 - DEBUG - Affichage de la nourriture à : 460, 340
2024-07-05 16:02:57,266 - INFO - Affichage du score : 0
2024-07-05 16:02:57,349 - DEBUG - Mise à jour de l'affichage à chaque tick
2024-07-05 16:02:57,349 - DEBUG - Nouvelle tête calculée : (16, 0)
2024-07-05 16:02:57,349 - DEBUG - Corps du serpent après mouvement : [(16, 0)]
2024-07-05 16:02:57,349 - DEBUG - Collision avec le mur : False
2024-07-05 16:02:57,349 - DEBUG - Collision avec soi-même : False
2024-07-05 16:02:57,350 - DEBUG - Affichage de la tête du serpent à : 320, 0
2024-07-05 16:02:57,350 - DEBUG - Affichage de la nourriture à : 460, 340
2024-07-05 16:02:57,350 - INFO - Affichage du score : 0
2024-07-05 16:02:57,433 - DEBUG - Mise à jour de l'affichage à chaque tick
2024-07-05 16:02:57,434 - DEBUG - Nouvelle tête calculée : (17, 0)
2024-07-05 16:02:57,434 - DEBUG - Corps du serpent après mouvement : [(17, 0)]
2024-07-05 16:02:57,434 - DEBUG - Collision avec le mur : False
2024-07-05 16:02:57,434 - DEBUG - Collision avec soi-même : False
2024-07-05 16:02:57,434 - DEBUG - Affichage de la tête du serpent à : 340, 0
2024-07-05 16:02:57,434 - DEBUG - Affichage de la nourriture à : 460, 340
2024-07-05 16:02:57,434 - INFO - Affichage du score : 0
2024-07-05 16:02:57,516 - DEBUG - Mise à jour de l'affichage à chaque tick
2024-07-05 16:02:57,516 - DEBUG - Nouvelle tête calculée : (18, 0)
2024-07-05 16:02:57,516 - DEBUG - Corps du serpent après mouvement : [(18, 0)]
2024-07-05 16:02:57,516 - DEBUG - Collision avec le mur : False
2024-07-05 16:02:57,516 - DEBUG - Collision avec soi-même : False
2024-07-05 16:02:57,516 - DEBUG - Affichage de la tête du serpent à : 360, 0
2024-07-05 16:02:57,516 - DEBUG - Affichage de la nourriture à : 460, 340
2024-07-05 16:02:57,517 - INFO - Affichage du score : 0
2024-07-05 16:02:57,600 - DEBUG - Mise à jour de l'affichage à chaque tick
2024-07-05 16:02:57,600 - DEBUG - Nouvelle tête calculée : (19, 0)
2024-07-05 16:02:57,600 - DEBUG - Corps du serpent après mouvement : [(19, 0)]
2024-07-05 16:02:57,600 - DEBUG - Collision avec le mur : False
2024-07-05 16:02:57,600 - DEBUG - Collision avec soi-même : False
2024-07-05 16:02:57,600 - DEBUG - Affichage de la tête du serpent à : 380, 0
2024-07-05 16:02:57,600 - DEBUG - Affichage de la nourriture à : 460, 340
2024-07-05 16:02:57,602 - INFO - Affichage du score : 0
2024-07-05 16:02:57,683 - DEBUG - Mise à jour de l'affichage à chaque tick
2024-07-05 16:02:57,683 - DEBUG - Nouvelle tête calculée : (20, 0)
2024-07-05 16:02:57,683 - DEBUG - Corps du serpent après mouvement : [(20, 0)]
2024-07-05 16:02:57,683 - DEBUG - Collision avec le mur : False
2024-07-05 16:02:57,683 - DEBUG - Collision avec soi-même : False
2024-07-05 16:02:57,683 - DEBUG - Affichage de la tête du serpent à : 400, 0
2024-07-05 16:02:57,683 - DEBUG - Affichage de la nourriture à : 460, 340
2024-07-05 16:02:57,685 - INFO - Affichage du score : 0
2024-07-05 16:02:57,766 - DEBUG - Mise à jour de l'affichage à chaque tick
2024-07-05 16:02:57,766 - DEBUG - Nouvelle tête calculée : (21, 0)
2024-07-05 16:02:57,766 - DEBUG - Corps du serpent après mouvement : [(21, 0)]
2024-07-05 16:02:57,766 - DEBUG - Collision avec le mur : False
2024-07-05 16:02:57,766 - DEBUG - Collision avec soi-même : False
2024-07-05 16:02:57,766 - DEBUG - Affichage de la tête du serpent à : 420, 0
2024-07-05 16:02:57,766 - DEBUG - Affichage de la nourriture à : 460, 340
2024-07-05 16:02:57,766 - INFO - Affichage du score : 0
2024-07-05 16:02:57,850 - DEBUG - Mise à jour de l'affichage à chaque tick
2024-07-05 16:02:57,850 - DEBUG - Nouvelle tête calculée : (22, 0)
2024-07-05 16:02:57,850 - DEBUG - Corps du serpent après mouvement : [(22, 0)]
2024-07-05 16:02:57,850 - DEBUG - Collision avec le mur : False
2024-07-05 16:02:57,850 - DEBUG - Collision avec soi-même : False
2024-07-05 16:02:57,850 - DEBUG - Affichage de la tête du serpent à : 440, 0
2024-07-05 16:02:57,850 - DEBUG - Affichage de la nourriture à : 460, 340
2024-07-05 16:02:57,851 - INFO - Affichage du score : 0
2024-07-05 16:02:57,934 - DEBUG - Mise à jour de l'affichage à chaque tick
2024-07-05 16:02:57,936 - INFO - Changement de direction : (0, -1)
2024-07-05 16:02:57,937 - INFO - Changement de direction vers le haut
2024-07-05 16:02:57,937 - DEBUG - Nouvelle tête calculée : (22, -1)
2024-07-05 16:02:57,937 - DEBUG - Corps du serpent après mouvement : [(22, -1)]
2024-07-05 16:02:57,937 - DEBUG - Collision avec le mur : True
2024-07-05 16:02:57,937 - INFO - Fin du jeu, le serpent a heurté le mur.
